[0.481s] DEBUG:colcon:Command line arguments: ['/usr/bin/colcon', 'build']
[0.481s] DEBUG:colcon:Parsed command line arguments: Namespace(log_base=None, log_level=None, verb_name='build', build_base='build', install_base='install', merge_install=False, symlink_install=False, test_result_base=None, continue_on_error=False, executor='parallel', parallel_workers=2, event_handlers=None, ignore_user_meta=False, metas=['./colcon.meta'], base_paths=['.'], packages_ignore=None, packages_ignore_regex=None, paths=None, packages_up_to=None, packages_up_to_regex=None, packages_above=None, packages_above_and_dependencies=None, packages_above_depth=None, packages_select_by_dep=None, packages_skip_by_dep=None, packages_skip_up_to=None, packages_select_build_failed=False, packages_skip_build_finished=False, packages_select_test_failures=False, packages_skip_test_passed=False, packages_select=None, packages_skip=None, packages_select_regex=None, packages_skip_regex=None, packages_start=None, packages_end=None, allow_overriding=[], cmake_args=None, cmake_target=None, cmake_target_skip_unavailable=False, cmake_clean_cache=False, cmake_clean_first=False, cmake_force_configure=False, ament_cmake_args=None, catkin_cmake_args=None, catkin_skip_building_tests=False, mixin_files=None, mixin=None, verb_parser=<colcon_mixin.mixin.mixin_argument.MixinArgumentDecorator object at 0x7eeaee464ee0>, verb_extension=<colcon_core.verb.build.BuildVerb object at 0x7eeaee4647f0>, main=<bound method BuildVerb.main of <colcon_core.verb.build.BuildVerb object at 0x7eeaee4647f0>>, mixin_verb=('build',))
[1.179s] Level 1:colcon.colcon_core.package_discovery:discover_packages(colcon_meta) check parameters
[1.179s] Level 1:colcon.colcon_core.package_discovery:discover_packages(recursive) check parameters
[1.179s] Level 1:colcon.colcon_core.package_discovery:discover_packages(ignore) check parameters
[1.179s] Level 1:colcon.colcon_core.package_discovery:discover_packages(path) check parameters
[1.179s] Level 1:colcon.colcon_core.package_discovery:discover_packages(colcon_meta) discover
[1.180s] Level 1:colcon.colcon_core.package_discovery:discover_packages(recursive) discover
[1.180s] INFO:colcon.colcon_core.package_discovery:Crawling recursively for packages in '/home/shital/shital/ROS2Tuto/shital_ws'
[1.180s] Level 1:colcon.colcon_core.package_identification:_identify(.) by extensions ['ignore', 'ignore_ament_install']
[1.180s] Level 1:colcon.colcon_core.package_identification:_identify(.) by extension 'ignore'
[1.180s] Level 1:colcon.colcon_core.package_identification:_identify(.) by extension 'ignore_ament_install'
[1.180s] Level 1:colcon.colcon_core.package_identification:_identify(.) by extensions ['colcon_pkg']
[1.180s] Level 1:colcon.colcon_core.package_identification:_identify(.) by extension 'colcon_pkg'
[1.181s] Level 1:colcon.colcon_core.package_identification:_identify(.) by extensions ['colcon_meta']
[1.181s] Level 1:colcon.colcon_core.package_identification:_identify(.) by extension 'colcon_meta'
[1.181s] Level 1:colcon.colcon_core.package_identification:_identify(.) by extensions ['ros']
[1.181s] Level 1:colcon.colcon_core.package_identification:_identify(.) by extension 'ros'
[1.202s] Level 1:colcon.colcon_core.package_identification:_identify(.) by extensions ['cmake', 'python']
[1.202s] Level 1:colcon.colcon_core.package_identification:_identify(.) by extension 'cmake'
[1.202s] Level 1:colcon.colcon_core.package_identification:_identify(.) by extension 'python'
[1.202s] Level 1:colcon.colcon_core.package_identification:_identify(.) by extensions ['python_setup_py']
[1.202s] Level 1:colcon.colcon_core.package_identification:_identify(.) by extension 'python_setup_py'
[1.202s] Level 1:colcon.colcon_core.package_identification:_identify(build) by extensions ['ignore', 'ignore_ament_install']
[1.202s] Level 1:colcon.colcon_core.package_identification:_identify(build) by extension 'ignore'
[1.203s] Level 1:colcon.colcon_core.package_identification:_identify(build) ignored
[1.203s] Level 1:colcon.colcon_core.package_identification:_identify(install) by extensions ['ignore', 'ignore_ament_install']
[1.203s] Level 1:colcon.colcon_core.package_identification:_identify(install) by extension 'ignore'
[1.203s] Level 1:colcon.colcon_core.package_identification:_identify(install) ignored
[1.203s] Level 1:colcon.colcon_core.package_identification:_identify(log) by extensions ['ignore', 'ignore_ament_install']
[1.203s] Level 1:colcon.colcon_core.package_identification:_identify(log) by extension 'ignore'
[1.203s] Level 1:colcon.colcon_core.package_identification:_identify(log) ignored
[1.204s] Level 1:colcon.colcon_core.package_identification:_identify(src) by extensions ['ignore', 'ignore_ament_install']
[1.204s] Level 1:colcon.colcon_core.package_identification:_identify(src) by extension 'ignore'
[1.204s] Level 1:colcon.colcon_core.package_identification:_identify(src) by extension 'ignore_ament_install'
[1.204s] Level 1:colcon.colcon_core.package_identification:_identify(src) by extensions ['colcon_pkg']
[1.204s] Level 1:colcon.colcon_core.package_identification:_identify(src) by extension 'colcon_pkg'
[1.204s] Level 1:colcon.colcon_core.package_identification:_identify(src) by extensions ['colcon_meta']
[1.204s] Level 1:colcon.colcon_core.package_identification:_identify(src) by extension 'colcon_meta'
[1.204s] Level 1:colcon.colcon_core.package_identification:_identify(src) by extensions ['ros']
[1.204s] Level 1:colcon.colcon_core.package_identification:_identify(src) by extension 'ros'
[1.204s] Level 1:colcon.colcon_core.package_identification:_identify(src) by extensions ['cmake', 'python']
[1.204s] Level 1:colcon.colcon_core.package_identification:_identify(src) by extension 'cmake'
[1.204s] Level 1:colcon.colcon_core.package_identification:_identify(src) by extension 'python'
[1.205s] Level 1:colcon.colcon_core.package_identification:_identify(src) by extensions ['python_setup_py']
[1.205s] Level 1:colcon.colcon_core.package_identification:_identify(src) by extension 'python_setup_py'
[1.205s] Level 1:colcon.colcon_core.package_identification:_identify(src/pkg) by extensions ['ignore', 'ignore_ament_install']
[1.205s] Level 1:colcon.colcon_core.package_identification:_identify(src/pkg) by extension 'ignore'
[1.205s] Level 1:colcon.colcon_core.package_identification:_identify(src/pkg) by extension 'ignore_ament_install'
[1.205s] Level 1:colcon.colcon_core.package_identification:_identify(src/pkg) by extensions ['colcon_pkg']
[1.205s] Level 1:colcon.colcon_core.package_identification:_identify(src/pkg) by extension 'colcon_pkg'
[1.205s] Level 1:colcon.colcon_core.package_identification:_identify(src/pkg) by extensions ['colcon_meta']
[1.205s] Level 1:colcon.colcon_core.package_identification:_identify(src/pkg) by extension 'colcon_meta'
[1.206s] Level 1:colcon.colcon_core.package_identification:_identify(src/pkg) by extensions ['ros']
[1.206s] Level 1:colcon.colcon_core.package_identification:_identify(src/pkg) by extension 'ros'
[1.212s] DEBUG:colcon.colcon_core.package_identification:Package 'src/pkg' with type 'ros.ament_cmake' and name 'pkg'
[1.213s] Level 1:colcon.colcon_core.package_discovery:discover_packages(recursive) using defaults
[1.213s] Level 1:colcon.colcon_core.package_discovery:discover_packages(ignore) discover
[1.213s] Level 1:colcon.colcon_core.package_discovery:discover_packages(ignore) using defaults
[1.213s] Level 1:colcon.colcon_core.package_discovery:discover_packages(path) discover
[1.213s] Level 1:colcon.colcon_core.package_discovery:discover_packages(path) using defaults
[1.323s] Level 1:colcon.colcon_core.package_discovery:discover_packages(prefix_path) check parameters
[1.323s] Level 1:colcon.colcon_core.package_discovery:discover_packages(prefix_path) discover
[1.337s] DEBUG:colcon.colcon_installed_package_information.package_discovery:Found 271 installed packages in /opt/ros/humble
[1.339s] Level 1:colcon.colcon_core.package_discovery:discover_packages(prefix_path) using defaults
[1.394s] Level 5:colcon.colcon_core.verb:set package 'pkg' build argument 'cmake_args' from command line to 'None'
[1.394s] Level 5:colcon.colcon_core.verb:set package 'pkg' build argument 'cmake_target' from command line to 'None'
[1.394s] Level 5:colcon.colcon_core.verb:set package 'pkg' build argument 'cmake_target_skip_unavailable' from command line to 'False'
[1.394s] Level 5:colcon.colcon_core.verb:set package 'pkg' build argument 'cmake_clean_cache' from command line to 'False'
[1.394s] Level 5:colcon.colcon_core.verb:set package 'pkg' build argument 'cmake_clean_first' from command line to 'False'
[1.394s] Level 5:colcon.colcon_core.verb:set package 'pkg' build argument 'cmake_force_configure' from command line to 'False'
[1.394s] Level 5:colcon.colcon_core.verb:set package 'pkg' build argument 'ament_cmake_args' from command line to 'None'
[1.394s] Level 5:colcon.colcon_core.verb:set package 'pkg' build argument 'catkin_cmake_args' from command line to 'None'
[1.394s] Level 5:colcon.colcon_core.verb:set package 'pkg' build argument 'catkin_skip_building_tests' from command line to 'False'
[1.394s] DEBUG:colcon.colcon_core.verb:Building package 'pkg' with the following arguments: {'ament_cmake_args': None, 'build_base': '/home/shital/shital/ROS2Tuto/shital_ws/build/pkg', 'catkin_cmake_args': None, 'catkin_skip_building_tests': False, 'cmake_args': None, 'cmake_clean_cache': False, 'cmake_clean_first': False, 'cmake_force_configure': False, 'cmake_target': None, 'cmake_target_skip_unavailable': False, 'install_base': '/home/shital/shital/ROS2Tuto/shital_ws/install/pkg', 'merge_install': False, 'path': '/home/shital/shital/ROS2Tuto/shital_ws/src/pkg', 'symlink_install': False, 'test_result_base': None}
[1.394s] INFO:colcon.colcon_core.executor:Executing jobs using 'parallel' executor
[1.396s] DEBUG:colcon.colcon_parallel_executor.executor.parallel:run_until_complete
[1.396s] INFO:colcon.colcon_ros.task.ament_cmake.build:Building ROS package in '/home/shital/shital/ROS2Tuto/shital_ws/src/pkg' with build type 'ament_cmake'
[1.396s] INFO:colcon.colcon_cmake.task.cmake.build:Building CMake package in '/home/shital/shital/ROS2Tuto/shital_ws/src/pkg'
[1.411s] INFO:colcon.colcon_core.plugin_system:Skipping extension 'colcon_core.shell.bat': Not used on non-Windows systems
[1.412s] INFO:colcon.colcon_core.shell:Skip shell extension 'powershell' for command environment: Not usable outside of PowerShell
[1.412s] DEBUG:colcon.colcon_core.shell:Skip shell extension 'dsv' for command environment
[1.430s] DEBUG:colcon.colcon_core.event_handler.log_command:Invoking command in '/home/shital/shital/ROS2Tuto/shital_ws/build/pkg': CMAKE_PREFIX_PATH=/opt/ros/humble /usr/bin/cmake /home/shital/shital/ROS2Tuto/shital_ws/src/pkg -DCMAKE_INSTALL_PREFIX=/home/shital/shital/ROS2Tuto/shital_ws/install/pkg
[3.239s] DEBUG:colcon.colcon_core.event_handler.log_command:Invoked command in '/home/shital/shital/ROS2Tuto/shital_ws/build/pkg' returned '0': CMAKE_PREFIX_PATH=/opt/ros/humble /usr/bin/cmake /home/shital/shital/ROS2Tuto/shital_ws/src/pkg -DCMAKE_INSTALL_PREFIX=/home/shital/shital/ROS2Tuto/shital_ws/install/pkg
[3.240s] DEBUG:colcon.colcon_core.event_handler.log_command:Invoking command in '/home/shital/shital/ROS2Tuto/shital_ws/build/pkg': CMAKE_PREFIX_PATH=/opt/ros/humble /usr/bin/cmake --build /home/shital/shital/ROS2Tuto/shital_ws/build/pkg -- -j2 -l2
[3.526s] DEBUG:colcon.colcon_core.event_handler.log_command:Invoked command in '/home/shital/shital/ROS2Tuto/shital_ws/build/pkg' returned '0': CMAKE_PREFIX_PATH=/opt/ros/humble /usr/bin/cmake --build /home/shital/shital/ROS2Tuto/shital_ws/build/pkg -- -j2 -l2
[3.541s] DEBUG:colcon.colcon_core.event_handler.log_command:Invoking command in '/home/shital/shital/ROS2Tuto/shital_ws/build/pkg': CMAKE_PREFIX_PATH=/opt/ros/humble /usr/bin/cmake --install /home/shital/shital/ROS2Tuto/shital_ws/build/pkg
[3.559s] Level 1:colcon.colcon_core.environment:create_environment_scripts_only(pkg)
[3.559s] DEBUG:colcon.colcon_core.event_handler.log_command:Invoked command in '/home/shital/shital/ROS2Tuto/shital_ws/build/pkg' returned '0': CMAKE_PREFIX_PATH=/opt/ros/humble /usr/bin/cmake --install /home/shital/shital/ROS2Tuto/shital_ws/build/pkg
[3.582s] Level 1:colcon.colcon_core.environment:checking '/home/shital/shital/ROS2Tuto/shital_ws/install/pkg' for CMake module files
[3.584s] Level 1:colcon.colcon_core.environment:checking '/home/shital/shital/ROS2Tuto/shital_ws/install/pkg' for CMake config files
[3.584s] Level 1:colcon.colcon_core.shell:create_environment_hook('pkg', 'cmake_prefix_path')
[3.585s] INFO:colcon.colcon_core.shell:Creating environment hook '/home/shital/shital/ROS2Tuto/shital_ws/install/pkg/share/pkg/hook/cmake_prefix_path.ps1'
[3.588s] INFO:colcon.colcon_core.shell:Creating environment descriptor '/home/shital/shital/ROS2Tuto/shital_ws/install/pkg/share/pkg/hook/cmake_prefix_path.dsv'
[3.590s] INFO:colcon.colcon_core.shell:Creating environment hook '/home/shital/shital/ROS2Tuto/shital_ws/install/pkg/share/pkg/hook/cmake_prefix_path.sh'
[3.592s] Level 1:colcon.colcon_core.environment:checking '/home/shital/shital/ROS2Tuto/shital_ws/install/pkg/lib'
[3.593s] Level 1:colcon.colcon_core.environment:checking '/home/shital/shital/ROS2Tuto/shital_ws/install/pkg/bin'
[3.593s] Level 1:colcon.colcon_core.environment:checking '/home/shital/shital/ROS2Tuto/shital_ws/install/pkg/lib/pkgconfig/pkg.pc'
[3.593s] Level 1:colcon.colcon_core.environment:checking '/home/shital/shital/ROS2Tuto/shital_ws/install/pkg/lib/python3.10/site-packages'
[3.594s] Level 1:colcon.colcon_core.environment:checking '/home/shital/shital/ROS2Tuto/shital_ws/install/pkg/bin'
[3.595s] INFO:colcon.colcon_core.shell:Creating package script '/home/shital/shital/ROS2Tuto/shital_ws/install/pkg/share/pkg/package.ps1'
[3.597s] INFO:colcon.colcon_core.shell:Creating package descriptor '/home/shital/shital/ROS2Tuto/shital_ws/install/pkg/share/pkg/package.dsv'
[3.599s] INFO:colcon.colcon_core.shell:Creating package script '/home/shital/shital/ROS2Tuto/shital_ws/install/pkg/share/pkg/package.sh'
[3.601s] INFO:colcon.colcon_core.shell:Creating package script '/home/shital/shital/ROS2Tuto/shital_ws/install/pkg/share/pkg/package.bash'
[3.604s] INFO:colcon.colcon_core.shell:Creating package script '/home/shital/shital/ROS2Tuto/shital_ws/install/pkg/share/pkg/package.zsh'
[3.607s] Level 1:colcon.colcon_core.environment:create_file_with_runtime_dependencies(/home/shital/shital/ROS2Tuto/shital_ws/install/pkg/share/colcon-core/packages/pkg)
[3.609s] Level 1:colcon.colcon_core.environment:create_environment_scripts_only(pkg)
[3.609s] Level 1:colcon.colcon_core.environment:checking '/home/shital/shital/ROS2Tuto/shital_ws/install/pkg' for CMake module files
[3.611s] Level 1:colcon.colcon_core.environment:checking '/home/shital/shital/ROS2Tuto/shital_ws/install/pkg' for CMake config files
[3.611s] Level 1:colcon.colcon_core.shell:create_environment_hook('pkg', 'cmake_prefix_path')
[3.612s] INFO:colcon.colcon_core.shell:Creating environment hook '/home/shital/shital/ROS2Tuto/shital_ws/install/pkg/share/pkg/hook/cmake_prefix_path.ps1'
[3.612s] INFO:colcon.colcon_core.shell:Creating environment descriptor '/home/shital/shital/ROS2Tuto/shital_ws/install/pkg/share/pkg/hook/cmake_prefix_path.dsv'
[3.614s] INFO:colcon.colcon_core.shell:Creating environment hook '/home/shital/shital/ROS2Tuto/shital_ws/install/pkg/share/pkg/hook/cmake_prefix_path.sh'
[3.616s] Level 1:colcon.colcon_core.environment:checking '/home/shital/shital/ROS2Tuto/shital_ws/install/pkg/lib'
[3.616s] Level 1:colcon.colcon_core.environment:checking '/home/shital/shital/ROS2Tuto/shital_ws/install/pkg/bin'
[3.616s] Level 1:colcon.colcon_core.environment:checking '/home/shital/shital/ROS2Tuto/shital_ws/install/pkg/lib/pkgconfig/pkg.pc'
[3.617s] Level 1:colcon.colcon_core.environment:checking '/home/shital/shital/ROS2Tuto/shital_ws/install/pkg/lib/python3.10/site-packages'
[3.617s] Level 1:colcon.colcon_core.environment:checking '/home/shital/shital/ROS2Tuto/shital_ws/install/pkg/bin'
[3.618s] INFO:colcon.colcon_core.shell:Creating package script '/home/shital/shital/ROS2Tuto/shital_ws/install/pkg/share/pkg/package.ps1'
[3.619s] INFO:colcon.colcon_core.shell:Creating package descriptor '/home/shital/shital/ROS2Tuto/shital_ws/install/pkg/share/pkg/package.dsv'
[3.620s] INFO:colcon.colcon_core.shell:Creating package script '/home/shital/shital/ROS2Tuto/shital_ws/install/pkg/share/pkg/package.sh'
[3.621s] INFO:colcon.colcon_core.shell:Creating package script '/home/shital/shital/ROS2Tuto/shital_ws/install/pkg/share/pkg/package.bash'
[3.622s] INFO:colcon.colcon_core.shell:Creating package script '/home/shital/shital/ROS2Tuto/shital_ws/install/pkg/share/pkg/package.zsh'
[3.624s] Level 1:colcon.colcon_core.environment:create_file_with_runtime_dependencies(/home/shital/shital/ROS2Tuto/shital_ws/install/pkg/share/colcon-core/packages/pkg)
[3.624s] DEBUG:colcon.colcon_parallel_executor.executor.parallel:closing loop
[3.625s] DEBUG:colcon.colcon_parallel_executor.executor.parallel:loop closed
[3.625s] DEBUG:colcon.colcon_parallel_executor.executor.parallel:run_until_complete finished with '0'
[3.626s] DEBUG:colcon.colcon_core.event_reactor:joining thread
[3.646s] INFO:colcon.colcon_core.plugin_system:Skipping extension 'colcon_notification.desktop_notification.terminal_notifier': Not used on non-Darwin systems
[3.646s] INFO:colcon.colcon_core.plugin_system:Skipping extension 'colcon_notification.desktop_notification.win32': Not used on non-Windows systems
[3.646s] INFO:colcon.colcon_notification.desktop_notification:Sending desktop notification using 'notify2'
[3.696s] DEBUG:colcon.colcon_core.event_reactor:joined thread
[3.697s] INFO:colcon.colcon_core.shell:Creating prefix script '/home/shital/shital/ROS2Tuto/shital_ws/install/local_setup.ps1'
[3.699s] INFO:colcon.colcon_core.shell:Creating prefix util module '/home/shital/shital/ROS2Tuto/shital_ws/install/_local_setup_util_ps1.py'
[3.702s] INFO:colcon.colcon_core.shell:Creating prefix chain script '/home/shital/shital/ROS2Tuto/shital_ws/install/setup.ps1'
[3.705s] INFO:colcon.colcon_core.shell:Creating prefix script '/home/shital/shital/ROS2Tuto/shital_ws/install/local_setup.sh'
[3.706s] INFO:colcon.colcon_core.shell:Creating prefix util module '/home/shital/shital/ROS2Tuto/shital_ws/install/_local_setup_util_sh.py'
[3.707s] INFO:colcon.colcon_core.shell:Creating prefix chain script '/home/shital/shital/ROS2Tuto/shital_ws/install/setup.sh'
[3.709s] INFO:colcon.colcon_core.shell:Creating prefix script '/home/shital/shital/ROS2Tuto/shital_ws/install/local_setup.bash'
[3.710s] INFO:colcon.colcon_core.shell:Creating prefix chain script '/home/shital/shital/ROS2Tuto/shital_ws/install/setup.bash'
[3.712s] INFO:colcon.colcon_core.shell:Creating prefix script '/home/shital/shital/ROS2Tuto/shital_ws/install/local_setup.zsh'
[3.714s] INFO:colcon.colcon_core.shell:Creating prefix chain script '/home/shital/shital/ROS2Tuto/shital_ws/install/setup.zsh'
