[0.042s] Invoking command in '/home/vboxuser/shivam/ROS2Tuto/shivam_ws/build/pkg': CMAKE_PREFIX_PATH=/opt/ros/humble /usr/bin/cmake /home/vboxuser/shivam/ROS2Tuto/shivam_ws/src/pkg -DCMAKE_INSTALL_PREFIX=/home/vboxuser/shivam/ROS2Tuto/shivam_ws/install/pkg
[0.870s] -- The C compiler identification is GNU 11.4.0
[1.419s] -- The CXX compiler identification is GNU 11.4.0
[1.465s] -- Detecting C compiler ABI info
[1.714s] -- Detecting C compiler ABI info - done
[1.725s] -- Check for working C compiler: /usr/bin/cc - skipped
[1.727s] -- Detecting C compile features
[1.731s] -- Detecting C compile features - done
[1.744s] -- Detecting CXX compiler ABI info
[1.971s] -- Detecting CXX compiler ABI info - done
[1.983s] -- Check for working CXX compiler: /usr/bin/c++ - skipped
[1.983s] -- Detecting CXX compile features
[1.984s] -- Detecting CXX compile features - done
[2.035s] -- Found ament_cmake: 1.3.11 (/opt/ros/humble/share/ament_cmake/cmake)
[2.352s] -- Found Python3: /usr/bin/python3 (found version "3.10.12") found components: Interpreter 
[2.712s] -- Found rclcpp: 16.0.12 (/opt/ros/humble/share/rclcpp/cmake)
[3.001s] -- Found rosidl_generator_c: 3.1.6 (/opt/ros/humble/share/rosidl_generator_c/cmake)
[3.045s] -- Found rosidl_adapter: 3.1.6 (/opt/ros/humble/share/rosidl_adapter/cmake)
[3.095s] -- Found rosidl_generator_cpp: 3.1.6 (/opt/ros/humble/share/rosidl_generator_cpp/cmake)
[3.175s] -- Using all available rosidl_typesupport_c: rosidl_typesupport_fastrtps_c;rosidl_typesupport_introspection_c
[3.251s] -- Using all available rosidl_typesupport_cpp: rosidl_typesupport_fastrtps_cpp;rosidl_typesupport_introspection_cpp
[3.511s] -- Found rmw_implementation_cmake: 6.1.2 (/opt/ros/humble/share/rmw_implementation_cmake/cmake)
[3.532s] -- Found rmw_fastrtps_cpp: 6.2.7 (/opt/ros/humble/share/rmw_fastrtps_cpp/cmake)
[3.898s] -- Found OpenSSL: /usr/lib/x86_64-linux-gnu/libcrypto.so (found version "3.0.2")  
[3.969s] -- Found FastRTPS: /opt/ros/humble/include  
[4.059s] -- Using RMW implementation 'rmw_fastrtps_cpp' as default
[4.100s] -- Looking for pthread.h
[4.370s] -- Looking for pthread.h - found
[4.371s] -- Performing Test CMAKE_HAVE_LIBC_PTHREAD
[4.543s] -- Performing Test CMAKE_HAVE_LIBC_PTHREAD - Success
[4.543s] -- Found Threads: TRUE  
[4.874s] -- Found ament_lint_auto: 0.12.12 (/opt/ros/humble/share/ament_lint_auto/cmake)
[5.116s] -- Added test 'cppcheck' to perform static code analysis on C / C++ code
[5.117s] -- Configured cppcheck include dirs: $<BUILD_INTERFACE:/home/vboxuser/shivam/ROS2Tuto/shivam_ws/src/pkg/include>
[5.118s] -- Configured cppcheck exclude dirs and/or files: 
[5.118s] -- Added test 'lint_cmake' to check CMake code style
[5.118s] -- Added test 'uncrustify' to check C / C++ code style
[5.118s] -- Configured uncrustify additional arguments: 
[5.118s] -- Added test 'xmllint' to check XML markup files
[5.118s] -- Configuring done
[5.134s] -- Generating done
[5.141s] -- Build files have been written to: /home/vboxuser/shivam/ROS2Tuto/shivam_ws/build/pkg
[5.164s] Invoked command in '/home/vboxuser/shivam/ROS2Tuto/shivam_ws/build/pkg' returned '0': CMAKE_PREFIX_PATH=/opt/ros/humble /usr/bin/cmake /home/vboxuser/shivam/ROS2Tuto/shivam_ws/src/pkg -DCMAKE_INSTALL_PREFIX=/home/vboxuser/shivam/ROS2Tuto/shivam_ws/install/pkg
[5.165s] Invoking command in '/home/vboxuser/shivam/ROS2Tuto/shivam_ws/build/pkg': CMAKE_PREFIX_PATH=/opt/ros/humble /usr/bin/cmake --build /home/vboxuser/shivam/ROS2Tuto/shivam_ws/build/pkg -- -j4 -l4
[5.279s] [ 50%] [32mBuilding CXX object CMakeFiles/shivamNode.dir/src/shivamNode.cpp.o[0m
[5.500s] [100%] [32m[1mLinking CXX executable shivamNode[0m
[5.867s] [100%] Built target shivamNode
[5.890s] Invoked command in '/home/vboxuser/shivam/ROS2Tuto/shivam_ws/build/pkg' returned '0': CMAKE_PREFIX_PATH=/opt/ros/humble /usr/bin/cmake --build /home/vboxuser/shivam/ROS2Tuto/shivam_ws/build/pkg -- -j4 -l4
[5.931s] Invoking command in '/home/vboxuser/shivam/ROS2Tuto/shivam_ws/build/pkg': CMAKE_PREFIX_PATH=/opt/ros/humble /usr/bin/cmake --install /home/vboxuser/shivam/ROS2Tuto/shivam_ws/build/pkg
[5.935s] -- Install configuration: ""
[5.935s] -- Installing: /home/vboxuser/shivam/ROS2Tuto/shivam_ws/install/pkg/lib/pkg/shivamNode
[5.936s] -- Set runtime path of "/home/vboxuser/shivam/ROS2Tuto/shivam_ws/install/pkg/lib/pkg/shivamNode" to ""
[5.937s] -- Installing: /home/vboxuser/shivam/ROS2Tuto/shivam_ws/install/pkg/share/ament_index/resource_index/package_run_dependencies/pkg
[5.937s] -- Installing: /home/vboxuser/shivam/ROS2Tuto/shivam_ws/install/pkg/share/ament_index/resource_index/parent_prefix_path/pkg
[5.938s] -- Installing: /home/vboxuser/shivam/ROS2Tuto/shivam_ws/install/pkg/share/pkg/environment/ament_prefix_path.sh
[5.938s] -- Installing: /home/vboxuser/shivam/ROS2Tuto/shivam_ws/install/pkg/share/pkg/environment/ament_prefix_path.dsv
[5.938s] -- Installing: /home/vboxuser/shivam/ROS2Tuto/shivam_ws/install/pkg/share/pkg/environment/path.sh
[5.938s] -- Installing: /home/vboxuser/shivam/ROS2Tuto/shivam_ws/install/pkg/share/pkg/environment/path.dsv
[5.939s] -- Installing: /home/vboxuser/shivam/ROS2Tuto/shivam_ws/install/pkg/share/pkg/local_setup.bash
[5.939s] -- Installing: /home/vboxuser/shivam/ROS2Tuto/shivam_ws/install/pkg/share/pkg/local_setup.sh
[5.939s] -- Installing: /home/vboxuser/shivam/ROS2Tuto/shivam_ws/install/pkg/share/pkg/local_setup.zsh
[5.940s] -- Installing: /home/vboxuser/shivam/ROS2Tuto/shivam_ws/install/pkg/share/pkg/local_setup.dsv
[5.940s] -- Installing: /home/vboxuser/shivam/ROS2Tuto/shivam_ws/install/pkg/share/pkg/package.dsv
[5.941s] -- Installing: /home/vboxuser/shivam/ROS2Tuto/shivam_ws/install/pkg/share/ament_index/resource_index/packages/pkg
[5.941s] -- Installing: /home/vboxuser/shivam/ROS2Tuto/shivam_ws/install/pkg/share/pkg/cmake/pkgConfig.cmake
[5.941s] -- Installing: /home/vboxuser/shivam/ROS2Tuto/shivam_ws/install/pkg/share/pkg/cmake/pkgConfig-version.cmake
[5.942s] -- Installing: /home/vboxuser/shivam/ROS2Tuto/shivam_ws/install/pkg/share/pkg/package.xml
[5.948s] Invoked command in '/home/vboxuser/shivam/ROS2Tuto/shivam_ws/build/pkg' returned '0': CMAKE_PREFIX_PATH=/opt/ros/humble /usr/bin/cmake --install /home/vboxuser/shivam/ROS2Tuto/shivam_ws/build/pkg
