[0.033s] Invoking command in '/home/shital/shital/ROS2Tuto/shital_ws/build/pkg': CMAKE_PREFIX_PATH=/opt/ros/humble /usr/bin/cmake /home/shital/shital/ROS2Tuto/shital_ws/src/pkg -DCMAKE_INSTALL_PREFIX=/home/shital/shital/ROS2Tuto/shital_ws/install/pkg
[0.458s] -- The C compiler identification is GNU 11.4.0
[0.785s] -- The CXX compiler identification is GNU 11.4.0
[0.824s] -- Detecting C compiler ABI info
[0.963s] -- Detecting C compiler ABI info - done
[0.978s] -- Check for working C compiler: /usr/bin/cc - skipped
[0.981s] -- Detecting C compile features
[0.983s] -- Detecting C compile features - done
[0.994s] -- Detecting CXX compiler ABI info
[1.135s] -- Detecting CXX compiler ABI info - done
[1.144s] -- Check for working CXX compiler: /usr/bin/c++ - skipped
[1.144s] -- Detecting CXX compile features
[1.145s] -- Detecting CXX compile features - done
[1.166s] -- Found ament_cmake: 1.3.11 (/opt/ros/humble/share/ament_cmake/cmake)
[1.474s] -- Found Python3: /usr/bin/python3 (found version "3.10.12") found components: Interpreter 
[1.675s] -- Found ament_lint_auto: 0.12.12 (/opt/ros/humble/share/ament_lint_auto/cmake)
[1.814s] -- Added test 'cppcheck' to perform static code analysis on C / C++ code
[1.815s] -- Configured cppcheck include dirs: $<BUILD_INTERFACE:/home/shital/shital/ROS2Tuto/shital_ws/src/pkg/include>
[1.815s] -- Configured cppcheck exclude dirs and/or files: 
[1.816s] -- Added test 'lint_cmake' to check CMake code style
[1.819s] -- Added test 'uncrustify' to check C / C++ code style
[1.819s] -- Configured uncrustify additional arguments: 
[1.820s] -- Added test 'xmllint' to check XML markup files
[1.824s] -- Configuring done
[1.831s] -- Generating done
[1.834s] -- Build files have been written to: /home/shital/shital/ROS2Tuto/shital_ws/build/pkg
[1.842s] Invoked command in '/home/shital/shital/ROS2Tuto/shital_ws/build/pkg' returned '0': CMAKE_PREFIX_PATH=/opt/ros/humble /usr/bin/cmake /home/shital/shital/ROS2Tuto/shital_ws/src/pkg -DCMAKE_INSTALL_PREFIX=/home/shital/shital/ROS2Tuto/shital_ws/install/pkg
[1.843s] Invoking command in '/home/shital/shital/ROS2Tuto/shital_ws/build/pkg': CMAKE_PREFIX_PATH=/opt/ros/humble /usr/bin/cmake --build /home/shital/shital/ROS2Tuto/shital_ws/build/pkg -- -j2 -l2
[1.931s] [ 50%] [32mBuilding CXX object CMakeFiles/shital.dir/src/shital.cpp.o[0m
[2.032s] [100%] [32m[1mLinking CXX executable shital[0m
[2.107s] [100%] Built target shital
[2.129s] Invoked command in '/home/shital/shital/ROS2Tuto/shital_ws/build/pkg' returned '0': CMAKE_PREFIX_PATH=/opt/ros/humble /usr/bin/cmake --build /home/shital/shital/ROS2Tuto/shital_ws/build/pkg -- -j2 -l2
[2.144s] Invoking command in '/home/shital/shital/ROS2Tuto/shital_ws/build/pkg': CMAKE_PREFIX_PATH=/opt/ros/humble /usr/bin/cmake --install /home/shital/shital/ROS2Tuto/shital_ws/build/pkg
[2.156s] -- Install configuration: ""
[2.156s] -- Installing: /home/shital/shital/ROS2Tuto/shital_ws/install/pkg/lib/pkg/shital
[2.157s] -- Installing: /home/shital/shital/ROS2Tuto/shital_ws/install/pkg/share/ament_index/resource_index/package_run_dependencies/pkg
[2.157s] -- Installing: /home/shital/shital/ROS2Tuto/shital_ws/install/pkg/share/ament_index/resource_index/parent_prefix_path/pkg
[2.158s] -- Installing: /home/shital/shital/ROS2Tuto/shital_ws/install/pkg/share/pkg/environment/ament_prefix_path.sh
[2.158s] -- Installing: /home/shital/shital/ROS2Tuto/shital_ws/install/pkg/share/pkg/environment/ament_prefix_path.dsv
[2.158s] -- Installing: /home/shital/shital/ROS2Tuto/shital_ws/install/pkg/share/pkg/environment/path.sh
[2.158s] -- Installing: /home/shital/shital/ROS2Tuto/shital_ws/install/pkg/share/pkg/environment/path.dsv
[2.158s] -- Installing: /home/shital/shital/ROS2Tuto/shital_ws/install/pkg/share/pkg/local_setup.bash
[2.158s] -- Installing: /home/shital/shital/ROS2Tuto/shital_ws/install/pkg/share/pkg/local_setup.sh
[2.158s] -- Installing: /home/shital/shital/ROS2Tuto/shital_ws/install/pkg/share/pkg/local_setup.zsh
[2.158s] -- Installing: /home/shital/shital/ROS2Tuto/shital_ws/install/pkg/share/pkg/local_setup.dsv
[2.159s] -- Installing: /home/shital/shital/ROS2Tuto/shital_ws/install/pkg/share/pkg/package.dsv
[2.159s] -- Installing: /home/shital/shital/ROS2Tuto/shital_ws/install/pkg/share/ament_index/resource_index/packages/pkg
[2.159s] -- Installing: /home/shital/shital/ROS2Tuto/shital_ws/install/pkg/share/pkg/cmake/pkgConfig.cmake
[2.159s] -- Installing: /home/shital/shital/ROS2Tuto/shital_ws/install/pkg/share/pkg/cmake/pkgConfig-version.cmake
[2.159s] -- Installing: /home/shital/shital/ROS2Tuto/shital_ws/install/pkg/share/pkg/package.xml
[2.162s] Invoked command in '/home/shital/shital/ROS2Tuto/shital_ws/build/pkg' returned '0': CMAKE_PREFIX_PATH=/opt/ros/humble /usr/bin/cmake --install /home/shital/shital/ROS2Tuto/shital_ws/build/pkg
