[0.045s] Invoking command in '/home/vboxuser/shivam/ROS2Tuto/shivam_ws/build/pkg': CMAKE_PREFIX_PATH=${CMAKE_PREFIX_PATH}:/home/vboxuser/shivam_ws/install/s_pkg:/opt/ros/humble /usr/bin/cmake --build /home/vboxuser/shivam/ROS2Tuto/shivam_ws/build/pkg -- -j4 -l4
[0.273s] [35m[1mConsolidate compiler generated dependencies of target shivamNode[0m
[0.299s] [100%] Built target shivamNode
[0.327s] Invoked command in '/home/vboxuser/shivam/ROS2Tuto/shivam_ws/build/pkg' returned '0': CMAKE_PREFIX_PATH=${CMAKE_PREFIX_PATH}:/home/vboxuser/shivam_ws/install/s_pkg:/opt/ros/humble /usr/bin/cmake --build /home/vboxuser/shivam/ROS2Tuto/shivam_ws/build/pkg -- -j4 -l4
[0.355s] Invoking command in '/home/vboxuser/shivam/ROS2Tuto/shivam_ws/build/pkg': CMAKE_PREFIX_PATH=${CMAKE_PREFIX_PATH}:/home/vboxuser/shivam_ws/install/s_pkg:/opt/ros/humble /usr/bin/cmake --install /home/vboxuser/shivam/ROS2Tuto/shivam_ws/build/pkg
[0.374s] -- Install configuration: ""
[0.378s] -- Up-to-date: /home/vboxuser/shivam/ROS2Tuto/shivam_ws/install/pkg/lib/pkg/shivamNode
[0.379s] -- Up-to-date: /home/vboxuser/shivam/ROS2Tuto/shivam_ws/install/pkg/share/ament_index/resource_index/package_run_dependencies/pkg
[0.379s] -- Up-to-date: /home/vboxuser/shivam/ROS2Tuto/shivam_ws/install/pkg/share/ament_index/resource_index/parent_prefix_path/pkg
[0.379s] -- Up-to-date: /home/vboxuser/shivam/ROS2Tuto/shivam_ws/install/pkg/share/pkg/environment/ament_prefix_path.sh
[0.379s] -- Up-to-date: /home/vboxuser/shivam/ROS2Tuto/shivam_ws/install/pkg/share/pkg/environment/ament_prefix_path.dsv
[0.379s] -- Up-to-date: /home/vboxuser/shivam/ROS2Tuto/shivam_ws/install/pkg/share/pkg/environment/path.sh
[0.379s] -- Up-to-date: /home/vboxuser/shivam/ROS2Tuto/shivam_ws/install/pkg/share/pkg/environment/path.dsv
[0.379s] -- Up-to-date: /home/vboxuser/shivam/ROS2Tuto/shivam_ws/install/pkg/share/pkg/local_setup.bash
[0.380s] -- Up-to-date: /home/vboxuser/shivam/ROS2Tuto/shivam_ws/install/pkg/share/pkg/local_setup.sh
[0.380s] -- Up-to-date: /home/vboxuser/shivam/ROS2Tuto/shivam_ws/install/pkg/share/pkg/local_setup.zsh
[0.380s] -- Up-to-date: /home/vboxuser/shivam/ROS2Tuto/shivam_ws/install/pkg/share/pkg/local_setup.dsv
[0.381s] -- Up-to-date: /home/vboxuser/shivam/ROS2Tuto/shivam_ws/install/pkg/share/pkg/package.dsv
[0.381s] -- Up-to-date: /home/vboxuser/shivam/ROS2Tuto/shivam_ws/install/pkg/share/ament_index/resource_index/packages/pkg
[0.381s] -- Up-to-date: /home/vboxuser/shivam/ROS2Tuto/shivam_ws/install/pkg/share/pkg/cmake/pkgConfig.cmake
[0.381s] -- Up-to-date: /home/vboxuser/shivam/ROS2Tuto/shivam_ws/install/pkg/share/pkg/cmake/pkgConfig-version.cmake
[0.382s] -- Up-to-date: /home/vboxuser/shivam/ROS2Tuto/shivam_ws/install/pkg/share/pkg/package.xml
[0.384s] Invoked command in '/home/vboxuser/shivam/ROS2Tuto/shivam_ws/build/pkg' returned '0': CMAKE_PREFIX_PATH=${CMAKE_PREFIX_PATH}:/home/vboxuser/shivam_ws/install/s_pkg:/opt/ros/humble /usr/bin/cmake --install /home/vboxuser/shivam/ROS2Tuto/shivam_ws/build/pkg
